current directory: /Users/esc/src/digital-cicognara-library/apps/cicognara-static/_bundle/ruby/3.2.0/gems/http_parser.rb-0.8.0/ext/ruby_http_parser
/Users/esc/.asdf/installs/ruby/3.2.2/bin/ruby extconf.rb
creating Makefile

current directory: /Users/esc/src/digital-cicognara-library/apps/cicognara-static/_bundle/ruby/3.2.0/gems/http_parser.rb-0.8.0/ext/ruby_http_parser
make DESTDIR\= sitearchdir\=./.gem.20241029-10975-nktajf sitelibdir\=./.gem.20241029-10975-nktajf clean

current directory: /Users/esc/src/digital-cicognara-library/apps/cicognara-static/_bundle/ruby/3.2.0/gems/http_parser.rb-0.8.0/ext/ruby_http_parser
make DESTDIR\= sitearchdir\=./.gem.20241029-10975-nktajf sitelibdir\=./.gem.20241029-10975-nktajf
compiling ruby_http_parser.c
ruby_http_parser.c:365:17: warning: comparison of integers of different signs: 'size_t' (aka 'unsigned long') and 'long' [-Wsign-compare]
    if (nparsed < len)
        ~~~~~~~ ^ ~~~
1 warning generated.
compiling ryah_http_parser.c
linking shared-object ruby_http_parser.bundle
ld: warning: ignoring duplicate libraries: '-lruby.3.2'

current directory: /Users/esc/src/digital-cicognara-library/apps/cicognara-static/_bundle/ruby/3.2.0/gems/http_parser.rb-0.8.0/ext/ruby_http_parser
make DESTDIR\= sitearchdir\=./.gem.20241029-10975-nktajf sitelibdir\=./.gem.20241029-10975-nktajf install
/opt/homebrew/bin/ginstall -c -m 0755 ruby_http_parser.bundle ./.gem.20241029-10975-nktajf

current directory: /Users/esc/src/digital-cicognara-library/apps/cicognara-static/_bundle/ruby/3.2.0/gems/http_parser.rb-0.8.0/ext/ruby_http_parser
make DESTDIR\= sitearchdir\=./.gem.20241029-10975-nktajf sitelibdir\=./.gem.20241029-10975-nktajf clean
